
Copyright (C) 1994-2021 Synopsys, Inc.
This Synopsys software and all associated documentation are proprietary to Synopsys, Inc.
and may only be used pursuant to the terms and conditions of a written license agreement
with Synopsys, Inc. All other use, reproduction, modification, or distribution of the
Synopsys software or the associated documentation is strictly prohibited.
Tool: Synplify Pro (R)
Build: R-2020.09M-SP1-1
Install: C:\Microsemi\Libero_SoC_v2021.1\SynplifyPro
OS: Windows 6.2

Hostname: DS-PC02

Implementation : synthesis
Synopsys HDL compiler and linker, Version comp202009synp2, Build 107R, Built Feb 19 2021 02:50:50, @

Modified Files: 0
FID:  path (prevtimestamp, timestamp)

*******************************************************************
Modules that may have changed as a result of file changes: 0
MID:  lib.cell.view

*******************************************************************
Unmodified files: 12
FID:  path (timestamp)
0        C:\Microsemi\Libero_SoC_v2021.1\SynplifyPro\lib\vhd2008\arith.vhd (2021-04-01 10:25:41)
1        C:\Microsemi\Libero_SoC_v2021.1\SynplifyPro\lib\vhd2008\location.map (2021-04-01 10:25:41)
2        C:\Microsemi\Libero_SoC_v2021.1\SynplifyPro\lib\vhd2008\numeric.vhd (2021-04-01 10:25:41)
3        C:\Microsemi\Libero_SoC_v2021.1\SynplifyPro\lib\vhd2008\std.vhd (2021-04-01 10:25:41)
4        C:\Microsemi\Libero_SoC_v2021.1\SynplifyPro\lib\vhd2008\std1164.vhd (2021-04-01 10:25:41)
5        C:\Microsemi\Libero_SoC_v2021.1\SynplifyPro\lib\vhd2008\std_textio.vhd (2021-04-01 10:25:41)
6        C:\Microsemi\Libero_SoC_v2021.1\SynplifyPro\lib\vhd2008\unsigned.vhd (2021-04-01 10:25:41)
7        C:\Microsemi\Libero_SoC_v2021.1\SynplifyPro\lib\vhd\hyperents.vhd (2021-04-01 10:25:41)
8        C:\Microsemi\Libero_SoC_v2021.1\SynplifyPro\lib\vhd\snps_haps_pkg.vhd (2021-04-01 10:25:41)
9        C:\Microsemi\Libero_SoC_v2021.1\SynplifyPro\lib\vhd\umr_capim.vhd (2021-04-01 10:25:41)
10       C:\Users\ds-02\Documents\DISY\aufgabe1_synth\hdl\aufgabe1.vhd (2021-11-23 15:20:48)
11       C:\Users\ds-02\Documents\DISY\aufgabe1_synth\hdl\hex4x7seg.vhd (2021-11-24 10:42:14)

*******************************************************************
Unchanged modules: 4
MID:  lib.cell.view
0        work.aufgabe1.struktur
1        work.aufgabe1.vhdl
2        work.hex4x7seg.struktur
3        work.hex4x7seg.vhdl
