Software Version: 2021.1.0.17
Programmer 'S20153T5B2' : JTAG TCK / SPI SCK frequency = 1 MHz
programmer 'S20153T5B2' : FlashPro5
Opened 'C:\Users\ds-02\Documents\DISY\aufgabe2_synth\designer\aufgabe2\aufgabe2_fp\aufgabe2.pro'
The 'open_project' command succeeded.
Warning: Programming is already enabled for device 'M2S005'.
The 'enable_device' command succeeded.
PPD file 'C:/Users/ds-02/Documents/DISY/aufgabe2_synth/designer/aufgabe2/aufgabe2.ppd' has been loaded successfully.
DESIGN : aufgabe2;  CHECKSUM : 0591;  PDB_VERSION : 1.0
The 'set_programming_file' command succeeded.
The 'set_programming_action' command succeeded.
programmer 'S20153T5B2' : Scan Chain...
Programmer 'S20153T5B2' : JTAG TCK / SPI SCK frequency = 1 MHz
programmer 'S20153T5B2' : Check Chain...
programmer 'S20153T5B2' : Scan and Check Chain PASSED.
programmer 'S20153T5B2' : device 'M2S005' : Executing action PROGRAM
Programmer 'S20153T5B2' : JTAG TCK / SPI SCK frequency = 4 MHz
programmer 'S20153T5B2' : device 'M2S005' : Family: SmartFusion2
programmer 'S20153T5B2' : device 'M2S005' : Product:      M2S005
programmer 'S20153T5B2' : device 'M2S005' : Cortex-M3 Enabled (M3_ALLOWED = 1)
programmer 'S20153T5B2' : device 'M2S005' : EXPORT ISC_ENABLE_RESULT[32] = 005a6724
programmer 'S20153T5B2' : device 'M2S005' : EXPORT CRCERR[1] = 0
programmer 'S20153T5B2' : device 'M2S005' : EXPORT EDCERR[1] = 0
programmer 'S20153T5B2' : device 'M2S005' : Programming FPGA Array...
programmer 'S20153T5B2' : device 'M2S005' : EXPORT Fabric component digest[256] = d264ed3554791be479445c754ae17cf37313dcfe8747383a89692b50e748f91b
programmer 'S20153T5B2' : device 'M2S005' : ===================================================================================
programmer 'S20153T5B2' : device 'M2S005' : EXPORT DSN[128] = 6d72368da1199b80c224e5a1433ad9f0
programmer 'S20153T5B2' : device 'M2S005' : ===================================================================================
programmer 'S20153T5B2' : device 'M2S005' : Finished: Tue Jan 25 10:18:08 2022 (Elapsed time 00:00:19)
programmer 'S20153T5B2' : device 'M2S005' : Executing action PROGRAM PASSED.
programmer 'S20153T5B2' : Chain programming PASSED.
Chain Programming Finished: Tue Jan 25 10:18:08 2022 (Elapsed time 00:00:19)

                        o - o - o - o - o - o

The 'run_selected_actions' command succeeded.
Project saved.
The 'save_project' command succeeded.
Project closed.
Exported log file C:\Users\ds-02\Documents\DISY\aufgabe2_synth\designer\aufgabe2\aufgabe2_fp\aufgabe2.log.
The 'close_project' command succeeded.
The Execute Script command succeeded.
