
Copyright (C) 1994-2021 Synopsys, Inc.
This Synopsys software and all associated documentation are proprietary to Synopsys, Inc.
and may only be used pursuant to the terms and conditions of a written license agreement
with Synopsys, Inc. All other use, reproduction, modification, or distribution of the
Synopsys software or the associated documentation is strictly prohibited.
Tool: Synplify Pro (R)
Build: R-2020.09M-SP1-1
Install: C:\Microsemi\Libero_SoC_v2021.1\SynplifyPro
OS: Windows 6.2

Hostname: DS-PC02

Implementation : synthesis
Synopsys HDL compiler and linker, Version comp202009synp2, Build 107R, Built Feb 19 2021 02:50:50, @

Modified Files: 1
FID:  path (prevtimestamp, timestamp)
12       C:\Users\ds-02\Documents\DISY\aufgabe2\std_counter.vhd (2022-01-12 12:30:56, 2022-01-25 10:16:09)

*******************************************************************
Modules that may have changed as a result of file changes: 1
MID:  lib.cell.view
4        work.std_counter.verhalten may have changed because the following files changed:
                        C:\Users\ds-02\Documents\DISY\aufgabe2\std_counter.vhd (2022-01-12 12:30:56, 2022-01-25 10:16:09) <-- (architecture and entity definition)

*******************************************************************
Unmodified files: 14
FID:  path (timestamp)
0        C:\Microsemi\Libero_SoC_v2021.1\SynplifyPro\lib\vhd2008\arith.vhd (2021-04-01 10:25:41)
1        C:\Microsemi\Libero_SoC_v2021.1\SynplifyPro\lib\vhd2008\location.map (2021-04-01 10:25:41)
2        C:\Microsemi\Libero_SoC_v2021.1\SynplifyPro\lib\vhd2008\numeric.vhd (2021-04-01 10:25:41)
3        C:\Microsemi\Libero_SoC_v2021.1\SynplifyPro\lib\vhd2008\std.vhd (2021-04-01 10:25:41)
4        C:\Microsemi\Libero_SoC_v2021.1\SynplifyPro\lib\vhd2008\std1164.vhd (2021-04-01 10:25:41)
5        C:\Microsemi\Libero_SoC_v2021.1\SynplifyPro\lib\vhd2008\std_textio.vhd (2021-04-01 10:25:41)
6        C:\Microsemi\Libero_SoC_v2021.1\SynplifyPro\lib\vhd2008\unsigned.vhd (2021-04-01 10:25:41)
7        C:\Microsemi\Libero_SoC_v2021.1\SynplifyPro\lib\vhd\hyperents.vhd (2021-04-01 10:25:41)
8        C:\Microsemi\Libero_SoC_v2021.1\SynplifyPro\lib\vhd\snps_haps_pkg.vhd (2021-04-01 10:25:41)
9        C:\Microsemi\Libero_SoC_v2021.1\SynplifyPro\lib\vhd\umr_capim.vhd (2021-04-01 10:25:41)
10       C:\Users\ds-02\Documents\DISY\aufgabe2\aufgabe2.vhd (2021-12-08 10:05:02)
11       C:\Users\ds-02\Documents\DISY\aufgabe2\hex4x7seg.vhd (2022-01-18 10:23:26)
13       C:\Users\ds-02\Documents\DISY\aufgabe2\sync_buffer.vhd (2022-01-18 12:50:49)
14       C:\Users\ds-02\Documents\DISY\aufgabe2\sync_module.vhd (2022-01-18 12:53:49)

*******************************************************************
Unchanged modules: 8
MID:  lib.cell.view
0        work.aufgabe2.structure
1        work.aufgabe2.vhdl
2        work.hex4x7seg.struktur
3        work.hex4x7seg.vhdl
6        work.sync_buffer.verhalten
7        work.sync_buffer.vhdl
8        work.sync_module.structure
9        work.sync_module.vhdl
