
                               Synplify Pro (R) 

               Version R-2020.09M-SP1-1 for win64 - Feb 17, 2021 

                    Copyright (c) 1988 - 2021 Synopsys, Inc.
   This software and the associated documentation are proprietary to Synopsys,
 Inc. This software may only be used in accordance with the terms and conditions
 of a written license agreement with Synopsys, Inc. All other use, reproduction,
            or distribution of this software is strictly prohibited.

Starting:    C:\Microsemi\Libero_SoC_v2021.1\SynplifyPro\bin64\mbin\synplify.exe
Install:     C:\Microsemi\Libero_SoC_v2021.1\SynplifyPro
Hostname:    DS-PC02
Date:        Mon Jan 10 14:51:38 2022
Version:     R-2020.09M-SP1-1

Arguments:   -product synplify_pro aufgabe1_syn.tcl
ProductType: synplify_pro

License checkout: synplifypro_actel
License: synplifypro_actel node-locked 
Licensed Vendor: actel
License Option: actel_oem



auto_infer_blackbox is not supported in current product.
TCL script complete: "aufgabe1_syn.tcl"
log file: "C:\Users\ds-02\Documents\DISY\aufgabe1_synth\synthesis\aufgabe1.srr"
Running: synthesis in foreground

Running aufgabe1_syn|synthesis

Running Flow: compile (Compile) on aufgabe1_syn|synthesis
# Mon Jan 10 14:51:40 2022

Running Flow: compile_flow (Compile Process) on aufgabe1_syn|synthesis
# Mon Jan 10 14:51:40 2022

Running: compiler (Compile Input) on aufgabe1_syn|synthesis
# Mon Jan 10 14:51:40 2022

compiler completed
# Mon Jan 10 14:51:41 2022

Return Code: 0
Run Time:00h:00m:01s

Running: multi_srs_gen (Multi-srs Generator) on aufgabe1_syn|synthesis
# Mon Jan 10 14:51:41 2022
Up-To-Date: multi_srs_gen. No run necessary
Complete: Compile Process on aufgabe1_syn|synthesis

Running: premap (Premap) on aufgabe1_syn|synthesis
# Mon Jan 10 14:51:41 2022

premap completed with warnings
# Mon Jan 10 14:51:42 2022

Return Code: 1
Run Time:00h:00m:01s
Complete: Compile on aufgabe1_syn|synthesis

Running Flow: map (Map) on aufgabe1_syn|synthesis
# Mon Jan 10 14:51:42 2022
License granted for 4 parallel jobs

Running: fpga_mapper (Map & Optimize) on aufgabe1_syn|synthesis
# Mon Jan 10 14:51:42 2022
Copied C:\Users\ds-02\Documents\DISY\aufgabe1_synth\synthesis\synwork\aufgabe1_m.srm to C:\Users\ds-02\Documents\DISY\aufgabe1_synth\synthesis\aufgabe1.srm

fpga_mapper completed with warnings
# Mon Jan 10 14:51:45 2022

Return Code: 1
Run Time:00h:00m:03s
Complete: Map on aufgabe1_syn|synthesis
Complete: Logic Synthesis on aufgabe1_syn|synthesis
0exit status=0
License checkin: synplifypro_actel
