
Copyright (C) 1994-2021 Synopsys, Inc.
This Synopsys software and all associated documentation are proprietary to Synopsys, Inc.
and may only be used pursuant to the terms and conditions of a written license agreement
with Synopsys, Inc. All other use, reproduction, modification, or distribution of the
Synopsys software or the associated documentation is strictly prohibited.
Tool: Synplify Pro (R)
Build: R-2020.09M-SP1-1
Install: C:\Microsemi\Libero_SoC_v2021.1\SynplifyPro
OS: Windows 6.2

Hostname: DS-PC02

Implementation : synthesis_1

# Written on Mon Jan 10 16:48:01 2022

##### FILES SYNTAX CHECKED ##############################################
Constraint File(s):      "C:\Users\ds-02\Documents\DISY\aufgabe2_synth\designer\aufgabe2\synthesis.fdc"

#Run constraint checker to find more issues with constraints.
#########################################################################



No issues found in constraint syntax.



Clock Summary
*************

          Start            Requested     Requested     Clock        Clock                   Clock
Level     Clock            Frequency     Period        Type         Group                   Load 
-------------------------------------------------------------------------------------------------
0 -       aufgabe2|clk     100.0 MHz     10.000        inferred     Inferred_clkgroup_0     33   
=================================================================================================


Clock Load Summary
******************

                 Clock     Source        Clock Pin       Non-clock Pin     Non-clock Pin
Clock            Load      Pin           Seq Example     Seq Example       Comb Example 
----------------------------------------------------------------------------------------
aufgabe2|clk     33        clk(port)     u3.strb14.C     -                 -            
========================================================================================
